{
  "RSpec": {
    "coverage": {
      "/Users/scc/Projects/github/desafio-ruby-backend/app/helpers/application_helper.rb": {
        "lines": [
          1,
          null
        ]
      },
      "/Users/scc/Projects/github/desafio-ruby-backend/app/controllers/stores_controller.rb": {
        "lines": [
          1,
          1,
          4,
          null,
          4,
          3,
          null,
          null,
          null,
          1,
          6,
          6,
          6,
          null,
          6,
          6,
          null,
          null,
          6,
          4,
          4,
          3,
          3,
          null,
          3,
          2,
          1,
          1,
          1,
          null,
          null,
          1,
          null,
          2,
          2,
          null,
          null,
          null
        ]
      },
      "/Users/scc/Projects/github/desafio-ruby-backend/app/controllers/application_controller.rb": {
        "lines": [
          1,
          1,
          null,
          null
        ]
      },
      "/Users/scc/Projects/github/desafio-ruby-backend/app/lib/cnab_parser.rb": {
        "lines": [
          1,
          1,
          null,
          1,
          16,
          16,
          15,
          null,
          1,
          1,
          null,
          null,
          null,
          1,
          15,
          null,
          15,
          223,
          223,
          223,
          null,
          null,
          null,
          null,
          null,
          null,
          null,
          null,
          null,
          null,
          null,
          null,
          5,
          5,
          5,
          null,
          null,
          null,
          1,
          1,
          223,
          223,
          null,
          222,
          null,
          null,
          1,
          222,
          222,
          null,
          221,
          221,
          221,
          221,
          221,
          221,
          221,
          221,
          221,
          null,
          221,
          null,
          null,
          1,
          221,
          221,
          null,
          219,
          null,
          null,
          1,
          219,
          219,
          null,
          219,
          null,
          null,
          1,
          219,
          null,
          null,
          1,
          219,
          219,
          null,
          218,
          218,
          218,
          218,
          218,
          218,
          null,
          218,
          null,
          null,
          1,
          218,
          null,
          null,
          1,
          218,
          null,
          null,
          null
        ]
      },
      "/Users/scc/Projects/github/desafio-ruby-backend/app/models/credit_card.rb": {
        "lines": [
          1,
          1,
          1,
          null,
          1,
          1,
          null
        ]
      },
      "/Users/scc/Projects/github/desafio-ruby-backend/app/models/application_record.rb": {
        "lines": [
          1,
          1,
          null
        ]
      },
      "/Users/scc/Projects/github/desafio-ruby-backend/app/models/order.rb": {
        "lines": [
          1,
          1,
          1,
          1,
          null,
          1,
          1,
          1,
          1,
          null,
          1,
          1,
          9,
          9,
          9,
          169,
          169,
          169,
          169,
          null,
          169,
          169,
          169,
          null,
          169,
          null,
          169,
          null,
          null,
          null,
          null,
          null,
          null,
          169,
          1,
          null,
          null,
          null,
          null,
          null,
          null,
          null
        ]
      },
      "/Users/scc/Projects/github/desafio-ruby-backend/app/models/owner.rb": {
        "lines": [
          1,
          1,
          1,
          null,
          1,
          1,
          null
        ]
      },
      "/Users/scc/Projects/github/desafio-ruby-backend/app/models/recipient_credit_card.rb": {
        "lines": [
          1,
          1,
          1,
          null
        ]
      },
      "/Users/scc/Projects/github/desafio-ruby-backend/app/models/recipient.rb": {
        "lines": [
          1,
          1,
          1,
          null,
          1,
          1,
          null
        ]
      },
      "/Users/scc/Projects/github/desafio-ruby-backend/app/models/store_owner.rb": {
        "lines": [
          1,
          1,
          1,
          null
        ]
      },
      "/Users/scc/Projects/github/desafio-ruby-backend/app/models/store.rb": {
        "lines": [
          1,
          1,
          1,
          null,
          1,
          1,
          null,
          1,
          1,
          null,
          null,
          null,
          1,
          1,
          null,
          null,
          null,
          null,
          1,
          null,
          null,
          null,
          null,
          1,
          null,
          null,
          null
        ]
      },
      "/Users/scc/Projects/github/desafio-ruby-backend/app/models/transaction_type.rb": {
        "lines": [
          1,
          1,
          null,
          1,
          1,
          1,
          null,
          1,
          1,
          null,
          1,
          1,
          null,
          1,
          1,
          null
        ]
      },
      "/Users/scc/Projects/github/desafio-ruby-backend/app/lib/custom_errors.rb": {
        "lines": [
          1,
          null,
          1,
          1,
          1,
          null,
          null,
          null,
          1,
          1,
          5,
          null,
          null,
          null,
          null
        ]
      },
      "/Users/scc/Projects/github/desafio-ruby-backend/app/mailers/application_mailer.rb": {
        "lines": [
          0,
          0,
          0,
          0
        ],
        "branches": {
        }
      },
      "/Users/scc/Projects/github/desafio-ruby-backend/app/jobs/application_job.rb": {
        "lines": [
          0,
          null,
          null,
          null,
          null,
          null,
          0
        ],
        "branches": {
        }
      },
      "/Users/scc/Projects/github/desafio-ruby-backend/app/channels/application_cable/connection.rb": {
        "lines": [
          0,
          0,
          0,
          0
        ],
        "branches": {
        }
      },
      "/Users/scc/Projects/github/desafio-ruby-backend/app/channels/application_cable/channel.rb": {
        "lines": [
          0,
          0,
          0,
          0
        ],
        "branches": {
        }
      }
    },
    "timestamp": 1612102130
  }
}
