{
  "RSpec": {
    "coverage": {
      "/Users/scc/Projects/github/desafio-ruby-backend/app/helpers/application_helper.rb": {
        "lines": [
          1,
          null
        ]
      },
      "/Users/scc/Projects/github/desafio-ruby-backend/app/lib/cnab_parser.rb": {
        "lines": [
          1,
          1,
          null,
          1,
          6,
          6,
          5,
          null,
          1,
          1,
          null,
          null,
          null,
          1,
          5,
          null,
          5,
          31,
          null,
          null,
          null,
          null,
          null,
          null,
          null,
          null,
          null,
          null,
          null,
          27,
          null,
          4,
          4,
          4,
          null,
          null,
          null,
          1,
          1,
          31,
          31,
          null,
          30,
          null,
          null,
          1,
          30,
          30,
          null,
          29,
          29,
          29,
          29,
          29,
          29,
          29,
          29,
          29,
          null,
          29,
          null,
          null,
          1,
          29,
          29,
          null,
          28,
          null,
          null,
          1,
          28,
          28,
          null,
          28,
          null,
          null,
          1,
          28,
          null,
          null,
          1,
          28,
          28,
          null,
          27,
          27,
          27,
          27,
          27,
          27,
          null,
          27,
          null,
          null,
          1,
          27,
          null,
          null,
          1,
          27,
          null,
          null,
          null
        ]
      },
      "/Users/scc/Projects/github/desafio-ruby-backend/app/models/credit_card.rb": {
        "lines": [
          1,
          1,
          1,
          null,
          1,
          1,
          null
        ]
      },
      "/Users/scc/Projects/github/desafio-ruby-backend/app/models/application_record.rb": {
        "lines": [
          1,
          1,
          null
        ]
      },
      "/Users/scc/Projects/github/desafio-ruby-backend/app/models/order.rb": {
        "lines": [
          1,
          1,
          1,
          1,
          null,
          1,
          1,
          1,
          1,
          null
        ]
      },
      "/Users/scc/Projects/github/desafio-ruby-backend/app/models/owner.rb": {
        "lines": [
          1,
          1,
          1,
          null,
          1,
          1,
          null
        ]
      },
      "/Users/scc/Projects/github/desafio-ruby-backend/app/models/recipient_credit_card.rb": {
        "lines": [
          1,
          1,
          1,
          null
        ]
      },
      "/Users/scc/Projects/github/desafio-ruby-backend/app/models/recipient.rb": {
        "lines": [
          1,
          1,
          1,
          null,
          1,
          1,
          null
        ]
      },
      "/Users/scc/Projects/github/desafio-ruby-backend/app/models/store_owner.rb": {
        "lines": [
          1,
          1,
          1,
          null
        ]
      },
      "/Users/scc/Projects/github/desafio-ruby-backend/app/models/store.rb": {
        "lines": [
          1,
          1,
          1,
          null,
          1,
          1,
          null
        ]
      },
      "/Users/scc/Projects/github/desafio-ruby-backend/app/models/transaction_type.rb": {
        "lines": [
          1,
          1,
          null,
          1,
          1,
          1,
          null,
          1,
          1,
          null,
          1,
          1,
          null,
          1,
          1,
          null
        ]
      },
      "/Users/scc/Projects/github/desafio-ruby-backend/app/lib/custom_errors.rb": {
        "lines": [
          1,
          null,
          1,
          1,
          1,
          null,
          null,
          null,
          1,
          1,
          4,
          null,
          null,
          null,
          null
        ]
      },
      "/Users/scc/Projects/github/desafio-ruby-backend/app/mailers/application_mailer.rb": {
        "lines": [
          0,
          0,
          0,
          0
        ],
        "branches": {
        }
      },
      "/Users/scc/Projects/github/desafio-ruby-backend/app/jobs/application_job.rb": {
        "lines": [
          0,
          null,
          null,
          null,
          null,
          null,
          0
        ],
        "branches": {
        }
      },
      "/Users/scc/Projects/github/desafio-ruby-backend/app/controllers/application_controller.rb": {
        "lines": [
          0,
          0
        ],
        "branches": {
        }
      },
      "/Users/scc/Projects/github/desafio-ruby-backend/app/channels/application_cable/connection.rb": {
        "lines": [
          0,
          0,
          0,
          0
        ],
        "branches": {
        }
      },
      "/Users/scc/Projects/github/desafio-ruby-backend/app/channels/application_cable/channel.rb": {
        "lines": [
          0,
          0,
          0,
          0
        ],
        "branches": {
        }
      }
    },
    "timestamp": 1612023153
  }
}
